2025-05-11 14:28:28,011 - taskserver.app - INFO - Starting up the application...
2025-05-11 14:35:27,664 - taskserver.app - INFO - Starting up the application...
2025-05-11 14:35:41,930 - taskserver.app - INFO - Shutting down the application...
2025-05-11 14:35:42,318 - taskserver.app - INFO - Starting up the application...
2025-05-11 14:35:50,453 - taskserver.app - INFO - Shutting down the application...
2025-05-11 14:35:50,853 - taskserver.app - INFO - Starting up the application...
2025-05-11 14:35:59,599 - taskserver.app - INFO - Shutting down the application...
2025-05-11 14:35:59,983 - taskserver.app - INFO - Starting up the application...
2025-05-11 14:36:08,327 - taskserver.app - INFO - Shutting down the application...
2025-05-11 14:36:08,716 - taskserver.app - INFO - Starting up the application...
2025-05-11 14:36:09,620 - taskserver.app - INFO - Shutting down the application...
2025-05-11 14:36:10,065 - taskserver.app - INFO - Starting up the application...
2025-05-11 14:36:14,784 - taskserver.app - INFO - Shutting down the application...
2025-05-11 14:36:15,243 - taskserver.app - INFO - Starting up the application...
2025-05-11 14:36:31,121 - taskserver.app - INFO - Shutting down the application...
2025-05-11 14:36:31,516 - taskserver.app - INFO - Starting up the application...
2025-05-11 14:38:35,939 - taskserver.app - INFO - Shutting down the application...
2025-05-11 14:38:36,321 - taskserver.app - INFO - Starting up the application...
2025-05-11 14:39:20,950 - taskserver.app - INFO - Shutting down the application...
2025-05-11 14:39:21,392 - taskserver.app - INFO - Starting up the application...
2025-05-11 14:39:48,053 - taskserver.app - INFO - Shutting down the application...
2025-05-11 14:39:48,471 - taskserver.app - INFO - Starting up the application...
2025-05-11 14:39:55,601 - taskserver.app - INFO - Shutting down the application...
2025-05-11 14:39:56,042 - taskserver.app - INFO - Starting up the application...
2025-05-11 14:39:57,449 - taskserver.app - INFO - Shutting down the application...
2025-05-11 14:39:57,840 - taskserver.app - INFO - Starting up the application...
2025-05-11 14:40:59,766 - taskserver.app - INFO - Shutting down the application...
2025-05-11 14:41:00,204 - taskserver.app - INFO - Starting up the application...
2025-05-11 14:41:25,222 - taskserver.app - INFO - Shutting down the application...
2025-05-11 14:41:25,608 - taskserver.app - INFO - Starting up the application...
2025-05-11 14:41:27,117 - taskserver.app - INFO - Shutting down the application...
2025-05-11 14:41:27,578 - taskserver.app - INFO - Starting up the application...
2025-05-11 14:41:28,013 - taskserver.app - INFO - Starting up the application...
2025-05-11 14:41:55,347 - taskserver.app - INFO - Shutting down the application...
2025-05-11 14:41:55,793 - taskserver.app - INFO - Starting up the application...
2025-05-11 14:42:28,238 - taskserver.app - INFO - Shutting down the application...
2025-05-11 14:42:28,618 - taskserver.app - INFO - Starting up the application...
2025-05-11 14:42:34,345 - taskserver.app - INFO - Shutting down the application...
2025-05-11 14:42:34,726 - taskserver.app - INFO - Starting up the application...
2025-05-11 14:43:02,354 - taskserver.app - INFO - Shutting down the application...
2025-05-11 14:43:02,746 - taskserver.app - INFO - Starting up the application...
2025-05-11 14:43:08,775 - taskserver.app - INFO - Shutting down the application...
2025-05-11 14:43:09,183 - taskserver.app - INFO - Starting up the application...
2025-05-11 14:43:26,368 - taskserver.app - INFO - Shutting down the application...
2025-05-11 14:43:26,810 - taskserver.app - INFO - Starting up the application...
2025-05-11 14:43:38,776 - taskserver.app - INFO - Shutting down the application...
2025-05-11 14:43:39,470 - taskserver.app - INFO - Starting up the application...
2025-05-11 14:43:44,896 - taskserver.app - INFO - Shutting down the application...
2025-05-11 14:43:45,493 - taskserver.app - INFO - Starting up the application...
2025-05-11 14:44:34,741 - taskserver.app - INFO - Shutting down the application...
2025-05-11 14:44:35,200 - taskserver.app - INFO - Starting up the application...
2025-05-11 14:44:37,942 - httpx - INFO - HTTP Request: GET http://testserver/ "HTTP/1.1 200 OK"
2025-05-11 14:44:45,103 - httpx - INFO - HTTP Request: GET http://testserver/ "HTTP/1.1 200 OK"
2025-05-11 14:44:58,944 - httpx - INFO - HTTP Request: GET http://testserver/ "HTTP/1.1 200 OK"
2025-05-11 14:45:18,194 - taskserver.app - INFO - Shutting down the application...
2025-05-11 14:45:37,239 - taskserver.app - INFO - Starting up the application...
2025-05-11 14:45:52,349 - httpx - INFO - HTTP Request: GET http://testserver/ "HTTP/1.1 200 OK"
2025-05-11 14:46:12,312 - taskserver.app - INFO - Shutting down the application...
2025-05-11 14:46:12,745 - taskserver.app - INFO - Starting up the application...
2025-05-11 14:46:22,893 - taskserver.app - INFO - Shutting down the application...
2025-05-11 14:46:23,355 - taskserver.app - INFO - Starting up the application...
2025-05-11 14:46:25,243 - httpx - INFO - HTTP Request: GET http://testserver/ "HTTP/1.1 200 OK"
2025-05-11 14:46:42,631 - taskserver.app - INFO - Shutting down the application...
2025-05-11 14:46:43,091 - taskserver.app - INFO - Starting up the application...
2025-05-11 14:46:51,565 - httpx - INFO - HTTP Request: GET http://testserver/ "HTTP/1.1 200 OK"
2025-05-11 14:48:02,920 - taskserver.app - INFO - Shutting down the application...
2025-05-11 14:48:03,373 - taskserver.app - INFO - Starting up the application...
2025-05-11 14:50:56,486 - taskserver.app - INFO - Shutting down the application...
2025-05-11 14:50:57,003 - taskserver.app - INFO - Starting up the application...
2025-05-11 14:51:37,743 - taskserver.app - INFO - Shutting down the application...
2025-05-11 14:51:38,345 - taskserver.app - INFO - Starting up the application...
2025-05-11 14:51:40,454 - taskserver.app - INFO - Shutting down the application...
2025-05-11 14:51:40,847 - taskserver.app - INFO - Starting up the application...
2025-05-11 14:51:53,519 - taskserver.app - INFO - Shutting down the application...
2025-05-11 14:51:54,133 - taskserver.app - INFO - Starting up the application...
2025-05-11 14:51:55,136 - taskserver.app - INFO - Shutting down the application...
2025-05-11 14:51:55,581 - taskserver.app - INFO - Starting up the application...
2025-05-11 14:51:58,394 - taskserver.app - INFO - Shutting down the application...
2025-05-11 14:51:58,807 - taskserver.app - INFO - Starting up the application...
2025-05-11 14:52:03,529 - taskserver.app - INFO - Shutting down the application...
2025-05-11 14:52:04,141 - taskserver.app - INFO - Starting up the application...
2025-05-11 14:52:10,875 - taskserver.app - INFO - Shutting down the application...
2025-05-11 14:52:11,294 - taskserver.app - INFO - Starting up the application...
2025-05-11 14:52:25,656 - taskserver.app - INFO - Shutting down the application...
2025-05-11 14:52:26,035 - taskserver.app - INFO - Starting up the application...
2025-05-11 14:52:28,445 - taskserver.app - INFO - Shutting down the application...
2025-05-11 14:52:28,830 - taskserver.app - INFO - Starting up the application...
2025-05-11 14:52:31,742 - taskserver.app - INFO - Shutting down the application...
2025-05-11 14:52:32,181 - taskserver.app - INFO - Starting up the application...
2025-05-11 14:53:06,756 - taskserver.app - INFO - Shutting down the application...
2025-05-11 14:53:07,218 - taskserver.app - INFO - Starting up the application...
2025-05-11 14:53:13,247 - taskserver.app - INFO - Shutting down the application...
2025-05-11 14:53:13,887 - taskserver.app - INFO - Starting up the application...
2025-05-11 14:53:14,691 - taskserver.app - INFO - Shutting down the application...
2025-05-11 14:53:15,282 - taskserver.app - INFO - Starting up the application...
2025-05-11 14:53:19,801 - taskserver.app - INFO - Shutting down the application...
2025-05-11 14:53:20,399 - taskserver.app - INFO - Starting up the application...
2025-05-11 14:53:25,523 - taskserver.app - INFO - Shutting down the application...
2025-05-11 14:53:25,917 - taskserver.app - INFO - Starting up the application...
2025-05-11 14:53:49,528 - taskserver.app - INFO - Shutting down the application...
2025-05-11 14:53:50,014 - taskserver.app - INFO - Starting up the application...
2025-05-11 14:54:12,622 - taskserver.app - INFO - Shutting down the application...
2025-05-11 14:54:13,044 - taskserver.app - INFO - Starting up the application...
2025-05-11 14:54:15,052 - taskserver.app - INFO - Shutting down the application...
2025-05-11 14:54:15,623 - taskserver.app - INFO - Starting up the application...
2025-05-11 14:54:26,285 - taskserver.app - INFO - Shutting down the application...
2025-05-11 14:54:26,880 - taskserver.app - INFO - Starting up the application...
2025-05-11 14:54:31,497 - taskserver.app - INFO - Shutting down the application...
2025-05-11 14:54:31,972 - taskserver.app - INFO - Starting up the application...
2025-05-11 14:54:43,931 - taskserver.app - INFO - Shutting down the application...
2025-05-11 14:54:44,322 - taskserver.app - INFO - Starting up the application...
2025-05-11 14:54:52,969 - taskserver.app - INFO - Shutting down the application...
2025-05-11 14:54:53,401 - taskserver.app - INFO - Starting up the application...
2025-05-11 14:54:56,918 - taskserver.app - INFO - Shutting down the application...
2025-05-11 14:54:57,300 - taskserver.app - INFO - Starting up the application...
2025-05-11 14:54:59,710 - taskserver.app - INFO - Shutting down the application...
2025-05-11 14:55:00,197 - taskserver.app - INFO - Starting up the application...
2025-05-11 14:55:40,395 - taskserver.app - INFO - Shutting down the application...
2025-05-11 14:55:40,810 - taskserver.app - INFO - Starting up the application...
2025-05-11 14:55:41,312 - taskserver.app - INFO - Shutting down the application...
2025-05-11 14:55:41,721 - taskserver.app - INFO - Starting up the application...
2025-05-11 14:55:43,126 - taskserver.app - INFO - Shutting down the application...
2025-05-11 14:55:43,556 - taskserver.app - INFO - Starting up the application...
2025-05-11 14:55:49,183 - taskserver.app - INFO - Shutting down the application...
2025-05-11 14:55:49,590 - taskserver.app - INFO - Starting up the application...
2025-05-11 14:55:54,316 - taskserver.app - INFO - Shutting down the application...
2025-05-11 14:55:54,765 - taskserver.app - INFO - Starting up the application...
2025-05-11 14:55:55,270 - taskserver.app - INFO - Starting up the application...
2025-05-11 14:56:27,625 - taskserver.app - INFO - Shutting down the application...
2025-05-11 14:56:27,993 - taskserver.app - INFO - Starting up the application...
2025-05-11 14:56:32,314 - taskserver.app - INFO - Shutting down the application...
2025-05-11 14:56:32,777 - taskserver.app - INFO - Starting up the application...
2025-05-11 14:56:35,284 - taskserver.app - INFO - Shutting down the application...
2025-05-11 14:56:35,713 - taskserver.app - INFO - Starting up the application...
2025-05-11 14:56:38,326 - taskserver.app - INFO - Shutting down the application...
2025-05-11 14:56:38,767 - taskserver.app - INFO - Starting up the application...
2025-05-11 14:56:42,583 - taskserver.app - INFO - Shutting down the application...
2025-05-11 14:56:43,045 - taskserver.app - INFO - Starting up the application...
2025-05-11 14:56:44,954 - taskserver.app - INFO - Shutting down the application...
2025-05-11 14:56:45,336 - taskserver.app - INFO - Starting up the application...
2025-05-11 14:56:54,068 - taskserver.app - INFO - Shutting down the application...
2025-05-11 14:56:54,541 - taskserver.app - INFO - Starting up the application...
2025-05-11 14:56:54,944 - taskserver.app - INFO - Shutting down the application...
2025-05-11 14:56:55,375 - taskserver.app - INFO - Starting up the application...
2025-05-11 14:56:57,986 - taskserver.app - INFO - Shutting down the application...
2025-05-11 14:56:58,454 - taskserver.app - INFO - Starting up the application...
2025-05-11 14:57:02,270 - taskserver.app - INFO - Shutting down the application...
2025-05-11 14:57:02,908 - taskserver.app - INFO - Starting up the application...
2025-05-11 14:57:09,538 - taskserver.app - INFO - Shutting down the application...
2025-05-11 14:57:09,958 - taskserver.app - INFO - Starting up the application...
2025-05-11 14:57:11,666 - taskserver.app - INFO - Shutting down the application...
2025-05-11 14:57:12,044 - taskserver.app - INFO - Starting up the application...
2025-05-11 14:57:12,546 - taskserver.app - INFO - Shutting down the application...
2025-05-11 14:57:12,985 - taskserver.app - INFO - Starting up the application...
2025-05-11 14:57:13,788 - taskserver.app - INFO - Shutting down the application...
2025-05-11 14:57:14,421 - taskserver.app - INFO - Starting up the application...
2025-05-11 14:57:16,527 - taskserver.app - INFO - Shutting down the application...
2025-05-11 14:57:17,082 - taskserver.app - INFO - Starting up the application...
2025-05-11 14:57:18,588 - taskserver.app - INFO - Shutting down the application...
2025-05-11 14:57:19,058 - taskserver.app - INFO - Starting up the application...
2025-05-11 14:57:28,911 - taskserver.app - INFO - Shutting down the application...
2025-05-11 14:57:29,406 - taskserver.app - INFO - Starting up the application...
2025-05-11 14:57:48,400 - taskserver.app - INFO - Shutting down the application...
2025-05-11 14:57:49,040 - taskserver.app - INFO - Starting up the application...
2025-05-11 14:57:50,244 - taskserver.app - INFO - Shutting down the application...
2025-05-11 14:57:50,908 - taskserver.app - INFO - Starting up the application...
2025-05-11 14:57:51,528 - taskserver.app - INFO - Starting up the application...
2025-05-11 14:57:53,235 - taskserver.app - INFO - Shutting down the application...
2025-05-11 14:57:53,683 - taskserver.app - INFO - Starting up the application...
2025-05-11 14:58:05,334 - taskserver.app - INFO - Shutting down the application...
2025-05-11 14:58:05,718 - taskserver.app - INFO - Starting up the application...
2025-05-11 14:58:09,334 - taskserver.app - INFO - Shutting down the application...
2025-05-11 14:58:09,800 - taskserver.app - INFO - Starting up the application...
2025-05-11 14:58:10,605 - taskserver.app - INFO - Shutting down the application...
2025-05-11 14:58:11,033 - taskserver.app - INFO - Starting up the application...
2025-05-11 14:58:18,966 - taskserver.app - INFO - Shutting down the application...
2025-05-11 14:58:19,372 - taskserver.app - INFO - Starting up the application...
2025-05-11 14:58:19,774 - taskserver.app - INFO - Shutting down the application...
2025-05-11 14:58:20,193 - taskserver.app - INFO - Starting up the application...
2025-05-11 14:58:25,114 - taskserver.app - INFO - Shutting down the application...
2025-05-11 14:58:25,490 - taskserver.app - INFO - Starting up the application...
2025-05-11 14:58:26,506 - taskserver.app - INFO - Starting up the application...
2025-05-11 14:59:33,306 - taskserver.app - INFO - Starting up the application...
2025-05-11 14:59:33,306 - taskserver.database - INFO - init database
2025-05-11 14:59:33,307 - sqlalchemy.engine.Engine - INFO - BEGIN (implicit)
2025-05-11 14:59:33,308 - sqlalchemy.engine.Engine - INFO - COMMIT
2025-05-11 14:59:59,734 - taskserver.app - INFO - Shutting down the application...
2025-05-11 15:00:00,384 - taskserver.app - INFO - Starting up the application...
2025-05-11 15:00:00,384 - taskserver.database - INFO - init database
2025-05-11 15:00:00,385 - sqlalchemy.engine.Engine - INFO - BEGIN (implicit)
2025-05-11 15:00:00,385 - sqlalchemy.engine.Engine - INFO - COMMIT
2025-05-11 15:00:30,130 - taskserver.app - INFO - Shutting down the application...
2025-05-11 15:00:30,751 - taskserver.app - INFO - Starting up the application...
2025-05-11 15:00:30,751 - taskserver.database - INFO - init database
2025-05-11 15:00:30,752 - sqlalchemy.engine.Engine - INFO - BEGIN (implicit)
2025-05-11 15:00:30,752 - sqlalchemy.engine.Engine - INFO - COMMIT
2025-05-11 15:00:42,311 - taskserver.app - INFO - Shutting down the application...
2025-05-11 15:00:42,909 - taskserver.app - INFO - Starting up the application...
2025-05-11 15:00:42,909 - taskserver.database - INFO - init database
2025-05-11 15:00:42,909 - sqlalchemy.engine.Engine - INFO - BEGIN (implicit)
2025-05-11 15:00:42,910 - sqlalchemy.engine.Engine - INFO - COMMIT
2025-05-11 15:00:52,966 - taskserver.app - INFO - Shutting down the application...
2025-05-11 15:00:53,560 - taskserver.app - INFO - Starting up the application...
2025-05-11 15:00:53,561 - taskserver.database - INFO - init database
2025-05-11 15:00:53,561 - sqlalchemy.engine.Engine - INFO - BEGIN (implicit)
2025-05-11 15:00:53,562 - sqlalchemy.engine.Engine - INFO - COMMIT
2025-05-11 15:02:03,418 - taskserver.app - INFO - Shutting down the application...
2025-05-11 15:02:04,046 - taskserver.app - INFO - Starting up the application...
2025-05-11 15:02:04,046 - taskserver.database - INFO - init database
2025-05-11 15:02:04,046 - sqlalchemy.engine.Engine - INFO - BEGIN (implicit)
2025-05-11 15:02:04,047 - sqlalchemy.engine.Engine - INFO - PRAGMA main.table_info("taskreminder")
2025-05-11 15:02:04,047 - sqlalchemy.engine.Engine - INFO - [raw sql] ()
2025-05-11 15:02:04,048 - sqlalchemy.engine.Engine - INFO - PRAGMA temp.table_info("taskreminder")
2025-05-11 15:02:04,048 - sqlalchemy.engine.Engine - INFO - [raw sql] ()
2025-05-11 15:02:04,049 - sqlalchemy.engine.Engine - INFO - 
CREATE TABLE taskreminder (
	run_time DATETIME NOT NULL, 
	assignee VARCHAR NOT NULL, 
	content VARCHAR NOT NULL, 
	created_by VARCHAR NOT NULL, 
	modified_by VARCHAR NOT NULL, 
	reminder_type VARCHAR(5) NOT NULL, 
	id INTEGER NOT NULL, 
	created_at DATETIME NOT NULL, 
	updated_at DATETIME NOT NULL, 
	PRIMARY KEY (id)
)


2025-05-11 15:02:04,049 - sqlalchemy.engine.Engine - INFO - [no key 0.00022s] ()
2025-05-11 15:02:04,076 - sqlalchemy.engine.Engine - INFO - COMMIT
2025-05-11 15:02:15,027 - taskserver.app - INFO - Shutting down the application...
2025-05-11 15:02:15,576 - taskserver.app - INFO - Starting up the application...
2025-05-11 15:02:15,576 - taskserver.database - INFO - init database
2025-05-11 15:02:15,577 - sqlalchemy.engine.Engine - INFO - BEGIN (implicit)
2025-05-11 15:02:15,577 - sqlalchemy.engine.Engine - INFO - PRAGMA main.table_info("taskreminder")
2025-05-11 15:02:15,577 - sqlalchemy.engine.Engine - INFO - [raw sql] ()
2025-05-11 15:02:15,578 - sqlalchemy.engine.Engine - INFO - COMMIT
2025-05-11 15:04:13,132 - taskserver.app - INFO - Shutting down the application...
2025-05-11 15:04:13,918 - taskserver.app - INFO - Starting up the application...
2025-05-11 15:04:13,918 - taskserver.database - INFO - init database
2025-05-11 15:04:13,919 - sqlalchemy.engine.Engine - INFO - BEGIN (implicit)
2025-05-11 15:04:13,919 - sqlalchemy.engine.Engine - INFO - PRAGMA main.table_info("taskreminder")
2025-05-11 15:04:13,920 - sqlalchemy.engine.Engine - INFO - [raw sql] ()
2025-05-11 15:04:13,920 - sqlalchemy.engine.Engine - INFO - COMMIT
2025-05-11 15:04:34,616 - taskserver.app - INFO - Shutting down the application...
2025-05-11 15:04:35,229 - taskserver.app - INFO - Starting up the application...
2025-05-11 15:04:35,229 - taskserver.database - INFO - init database
2025-05-11 15:04:35,230 - sqlalchemy.engine.Engine - INFO - BEGIN (implicit)
2025-05-11 15:04:35,230 - sqlalchemy.engine.Engine - INFO - PRAGMA main.table_info("taskreminder")
2025-05-11 15:04:35,230 - sqlalchemy.engine.Engine - INFO - [raw sql] ()
2025-05-11 15:04:35,231 - sqlalchemy.engine.Engine - INFO - COMMIT
2025-05-11 15:04:39,855 - taskserver.app - INFO - Shutting down the application...
2025-05-11 15:04:40,388 - taskserver.app - INFO - Starting up the application...
2025-05-11 15:04:40,388 - taskserver.database - INFO - init database
2025-05-11 15:04:40,389 - sqlalchemy.engine.Engine - INFO - BEGIN (implicit)
2025-05-11 15:04:40,389 - sqlalchemy.engine.Engine - INFO - PRAGMA main.table_info("taskreminder")
2025-05-11 15:04:40,389 - sqlalchemy.engine.Engine - INFO - [raw sql] ()
2025-05-11 15:04:40,390 - sqlalchemy.engine.Engine - INFO - COMMIT
2025-05-11 15:06:20,475 - taskserver.app - INFO - Shutting down the application...
2025-05-11 15:06:21,210 - taskserver.app - INFO - Starting up the application...
2025-05-11 15:06:21,211 - taskserver.database - INFO - init database
2025-05-11 15:06:21,212 - sqlalchemy.engine.Engine - INFO - BEGIN (implicit)
2025-05-11 15:06:21,212 - sqlalchemy.engine.Engine - INFO - PRAGMA main.table_info("taskreminder")
2025-05-11 15:06:21,212 - sqlalchemy.engine.Engine - INFO - [raw sql] ()
2025-05-11 15:06:21,213 - sqlalchemy.engine.Engine - INFO - PRAGMA temp.table_info("taskreminder")
2025-05-11 15:06:21,213 - sqlalchemy.engine.Engine - INFO - [raw sql] ()
2025-05-11 15:06:21,214 - sqlalchemy.engine.Engine - INFO - 
CREATE TABLE taskreminder (
	run_time DATETIME NOT NULL, 
	assignee VARCHAR NOT NULL, 
	content VARCHAR NOT NULL, 
	created_by VARCHAR NOT NULL, 
	modified_by VARCHAR NOT NULL, 
	reminder_type VARCHAR(5) NOT NULL, 
	id INTEGER NOT NULL, 
	created_at DATETIME NOT NULL, 
	updated_at DATETIME NOT NULL, 
	PRIMARY KEY (id)
)


2025-05-11 15:06:21,214 - sqlalchemy.engine.Engine - INFO - [no key 0.00020s] ()
2025-05-11 15:06:21,235 - sqlalchemy.engine.Engine - INFO - COMMIT
2025-05-11 15:07:07,170 - taskserver.app - INFO - Shutting down the application...
2025-05-11 15:07:07,855 - taskserver.app - INFO - Starting up the application...
2025-05-11 15:07:07,855 - taskserver.database - INFO - init database
2025-05-11 15:07:07,856 - sqlalchemy.engine.Engine - INFO - BEGIN (implicit)
2025-05-11 15:07:07,856 - sqlalchemy.engine.Engine - INFO - PRAGMA main.table_info("taskreminder")
2025-05-11 15:07:07,856 - sqlalchemy.engine.Engine - INFO - [raw sql] ()
2025-05-11 15:07:07,857 - sqlalchemy.engine.Engine - INFO - COMMIT
2025-05-11 15:07:15,089 - taskserver.app - INFO - Shutting down the application...
2025-05-11 15:07:15,712 - taskserver.app - INFO - Starting up the application...
2025-05-11 15:07:15,712 - taskserver.database - INFO - init database
2025-05-11 15:07:15,713 - sqlalchemy.engine.Engine - INFO - BEGIN (implicit)
2025-05-11 15:07:15,714 - sqlalchemy.engine.Engine - INFO - PRAGMA main.table_info("taskreminder")
2025-05-11 15:07:15,714 - sqlalchemy.engine.Engine - INFO - [raw sql] ()
2025-05-11 15:07:15,715 - sqlalchemy.engine.Engine - INFO - COMMIT
2025-05-11 15:07:33,909 - taskserver.app - INFO - Shutting down the application...
2025-05-11 15:07:34,466 - taskserver.app - INFO - Starting up the application...
2025-05-11 15:07:34,466 - taskserver.database - INFO - init database
2025-05-11 15:07:34,466 - sqlalchemy.engine.Engine - INFO - BEGIN (implicit)
2025-05-11 15:07:34,467 - sqlalchemy.engine.Engine - INFO - PRAGMA main.table_info("taskreminder")
2025-05-11 15:07:34,467 - sqlalchemy.engine.Engine - INFO - [raw sql] ()
2025-05-11 15:07:34,468 - sqlalchemy.engine.Engine - INFO - COMMIT
2025-05-11 15:07:49,442 - taskserver.app - INFO - Shutting down the application...
2025-05-11 15:07:50,183 - taskserver.app - INFO - Starting up the application...
2025-05-11 15:07:50,183 - taskserver.database - INFO - init database
2025-05-11 15:07:50,185 - sqlalchemy.engine.Engine - INFO - BEGIN (implicit)
2025-05-11 15:07:50,186 - sqlalchemy.engine.Engine - INFO - PRAGMA main.table_info("taskreminder")
2025-05-11 15:07:50,186 - sqlalchemy.engine.Engine - INFO - [raw sql] ()
2025-05-11 15:07:50,187 - sqlalchemy.engine.Engine - INFO - COMMIT
2025-05-11 15:09:41,692 - taskserver.app - INFO - Shutting down the application...
2025-05-11 15:09:42,324 - taskserver.app - INFO - Starting up the application...
2025-05-11 15:09:42,324 - taskserver.database - INFO - init database
2025-05-11 15:09:42,325 - sqlalchemy.engine.Engine - INFO - BEGIN (implicit)
2025-05-11 15:09:42,325 - sqlalchemy.engine.Engine - INFO - PRAGMA main.table_info("taskreminder")
2025-05-11 15:09:42,326 - sqlalchemy.engine.Engine - INFO - [raw sql] ()
2025-05-11 15:09:42,326 - sqlalchemy.engine.Engine - INFO - COMMIT
2025-05-11 15:09:48,660 - taskserver.app - INFO - Shutting down the application...
2025-05-11 15:09:49,279 - taskserver.app - INFO - Starting up the application...
2025-05-11 15:09:49,279 - taskserver.database - INFO - init database
2025-05-11 15:09:49,279 - sqlalchemy.engine.Engine - INFO - BEGIN (implicit)
2025-05-11 15:09:49,280 - sqlalchemy.engine.Engine - INFO - PRAGMA main.table_info("taskreminder")
2025-05-11 15:09:49,280 - sqlalchemy.engine.Engine - INFO - [raw sql] ()
2025-05-11 15:09:49,280 - sqlalchemy.engine.Engine - INFO - COMMIT
2025-05-11 15:10:16,004 - taskserver.app - INFO - Shutting down the application...
2025-05-11 15:10:16,866 - taskserver.app - INFO - Starting up the application...
2025-05-11 15:10:16,866 - taskserver.database - INFO - init database
2025-05-11 15:10:16,867 - sqlalchemy.engine.Engine - INFO - BEGIN (implicit)
2025-05-11 15:10:16,867 - sqlalchemy.engine.Engine - INFO - PRAGMA main.table_info("taskreminder")
2025-05-11 15:10:16,868 - sqlalchemy.engine.Engine - INFO - [raw sql] ()
2025-05-11 15:10:16,868 - sqlalchemy.engine.Engine - INFO - COMMIT
2025-05-11 15:10:18,751 - httpx - INFO - HTTP Request: GET http://testserver/ "HTTP/1.1 200 OK"
2025-05-11 15:10:39,975 - taskserver.app - INFO - Shutting down the application...
2025-05-11 15:10:40,638 - taskserver.app - INFO - Starting up the application...
2025-05-11 15:10:40,639 - taskserver.database - INFO - init database
2025-05-11 15:10:40,640 - sqlalchemy.engine.Engine - INFO - BEGIN (implicit)
2025-05-11 15:10:40,640 - sqlalchemy.engine.Engine - INFO - PRAGMA main.table_info("taskreminder")
2025-05-11 15:10:40,640 - sqlalchemy.engine.Engine - INFO - [raw sql] ()
2025-05-11 15:10:40,641 - sqlalchemy.engine.Engine - INFO - PRAGMA temp.table_info("taskreminder")
2025-05-11 15:10:40,641 - sqlalchemy.engine.Engine - INFO - [raw sql] ()
2025-05-11 15:10:40,643 - sqlalchemy.engine.Engine - INFO - 
CREATE TABLE taskreminder (
	run_time DATETIME NOT NULL, 
	assignee VARCHAR NOT NULL, 
	content VARCHAR NOT NULL, 
	created_by VARCHAR NOT NULL, 
	modified_by VARCHAR NOT NULL, 
	reminder_type VARCHAR(5) NOT NULL, 
	id INTEGER NOT NULL, 
	created_at DATETIME NOT NULL, 
	updated_at DATETIME NOT NULL, 
	PRIMARY KEY (id)
)


2025-05-11 15:10:40,643 - sqlalchemy.engine.Engine - INFO - [no key 0.00034s] ()
2025-05-11 15:10:40,665 - sqlalchemy.engine.Engine - INFO - COMMIT
2025-05-11 15:11:54,396 - taskserver.app - INFO - Shutting down the application...
2025-05-11 15:11:55,148 - taskserver.app - INFO - Starting up the application...
2025-05-11 15:11:55,148 - taskserver.database - INFO - init database
2025-05-11 15:11:55,148 - sqlalchemy.engine.Engine - INFO - BEGIN (implicit)
2025-05-11 15:11:55,149 - sqlalchemy.engine.Engine - INFO - PRAGMA main.table_info("taskreminder")
2025-05-11 15:11:55,149 - sqlalchemy.engine.Engine - INFO - [raw sql] ()
2025-05-11 15:11:55,150 - sqlalchemy.engine.Engine - INFO - COMMIT
